<?xml version="1.0" encoding="UTF-8"?>
<!-- Generated by org.testng.reporters.JUnitReportReporter -->
<testsuite hostname="LAPTOP-4941790M" failures="0" tests="1" name="testcases.Tc_001_AccountRegistration" time="2.035" errors="0" timestamp="2024-03-05T10:30:30 IST" skipped="0">
  <testcase classname="testcases.Tc_001_AccountRegistration" name="test_account_registration" time="2.035"/>
  <system-out/>
</testsuite> <!-- testcases.Tc_001_AccountRegistration -->
