<?xml version="1.0" encoding="UTF-8"?>
<!-- Generated by org.testng.reporters.JUnitReportReporter -->
<testsuite hostname="LAPTOP-4941790M" failures="0" tests="2" name="testcases.Tc_003_loginDDT" time="3.057" errors="0" timestamp="2024-03-05T10:34:49 IST" skipped="0">
  <testcase classname="testcases.Tc_003_loginDDT" name="test_loginddt" time="1.179"/>
  <system-out/>
  <testcase classname="testcases.Tc_003_loginDDT" name="test_loginddt" time="1.878"/>
  <system-out/>
</testsuite> <!-- testcases.Tc_003_loginDDT -->
