<?xml version="1.0" encoding="UTF-8"?>
<!-- Generated by org.testng.reporters.JUnitReportReporter -->
<testsuite hostname="LAPTOP-4941790M" failures="0" tests="1" name="testcases.Tc_002_logintest" time="1.326" errors="0" timestamp="2024-03-05T10:47:41 IST" skipped="0">
  <testcase classname="testcases.Tc_002_logintest" name="logintest" time="1.326"/>
</testsuite> <!-- testcases.Tc_002_logintest -->
