<?xml version="1.0" encoding="UTF-8"?>
<!-- Generated by org.testng.reporters.JUnitReportReporter -->
<testsuite hostname="LAPTOP-4941790M" failures="0" tests="5" name="testcases.Tc_003_loginDDT" time="16.532" errors="0" timestamp="2024-03-05T10:47:41 IST" skipped="0">
  <testcase classname="testcases.Tc_003_loginDDT" name="test_loginddt" time="10.815"/>
  <testcase classname="testcases.Tc_003_loginDDT" name="test_loginddt" time="1.242"/>
  <testcase classname="testcases.Tc_003_loginDDT" name="test_loginddt" time="1.263"/>
  <testcase classname="testcases.Tc_003_loginDDT" name="test_loginddt" time="1.291"/>
  <testcase classname="testcases.Tc_003_loginDDT" name="test_loginddt" time="1.921"/>
</testsuite> <!-- testcases.Tc_003_loginDDT -->
